#
# There is insufficient memory for the Java Runtime Environment to continue.
# Native memory allocation (mmap) failed to map 264241152 bytes. Error detail: G1 virtual space
# Possible reasons:
#   The system is out of physical RAM or swap space
#   This process is running with CompressedOops enabled, and the Java Heap may be blocking the growth of the native heap
# Possible solutions:
#   Reduce memory load on the system
#   Increase physical memory or swap space
#   Check if swap backing store is full
#   Decrease Java heap size (-Xmx/-Xms)
#   Decrease number of Java threads
#   Decrease Java thread stack sizes (-Xss)
#   Set larger code cache with -XX:ReservedCodeCacheSize=
#   JVM is running with Zero Based Compressed Oops mode in which the Java heap is
#     placed in the first 32GB address space. The Java Heap base address is the
#     maximum limit for the native heap growth. Please use -XX:HeapBaseMinAddress
#     to set the Java Heap base and to place the Java Heap above 32GB virtual address.
# This output file may be truncated or incomplete.
#
#  Out of Memory Error (os_windows.cpp:3631), pid=18504, tid=9900
#
# JRE version:  (22.0.2+9) (build )
# Java VM: Java HotSpot(TM) 64-Bit Server VM (22.0.2+9-70, mixed mode, sharing, tiered, compressed oops, compressed class ptrs, g1 gc, windows-amd64)
# No core dump will be written. Minidumps are not enabled by default on client versions of Windows
#

---------------  S U M M A R Y ------------

Command Line: -Dfile.encoding=UTF-8 -Dstdout.encoding=UTF-8 -Dstderr.encoding=UTF-8 --module-path=C:\Users\Pauline Angela\Downloads\mysql-connector-j-9.1.0\mysql-connector-j-9.1.0\mysql-connector-j-9.1.0.jar -XX:+ShowCodeDetailsInExceptionMessages Petcare.Main

Host: 12th Gen Intel(R) Core(TM) i5-12450H, 12 cores, 15G,  Windows 11 , 64 bit Build 22621 (10.0.22621.4391)
Time: Thu Dec 12 23:29:42 2024 Malay Peninsula Standard Time elapsed time: 0.043578 seconds (0d 0h 0m 0s)

---------------  T H R E A D  ---------------

Current thread (0x000001a26471ce40):  JavaThread "Unknown thread" [_thread_in_vm, id=9900, stack(0x0000005e21d00000,0x0000005e21e00000) (1024K)]

Stack: [0x0000005e21d00000,0x0000005e21e00000]
Native frames: (J=compiled Java code, j=interpreted, Vv=VM code, C=native code)
V  [jvm.dll+0x6e26e9]  (no source info available)
V  [jvm.dll+0x875753]  (no source info available)
V  [jvm.dll+0x877b7e]  (no source info available)
V  [jvm.dll+0x878253]  (no source info available)
V  [jvm.dll+0x27fc86]  (no source info available)
V  [jvm.dll+0x6ded85]  (no source info available)
V  [jvm.dll+0x6d388a]  (no source info available)
V  [jvm.dll+0x358b8a]  (no source info available)
V  [jvm.dll+0x3610b6]  (no source info available)
V  [jvm.dll+0x3b419e]  (no source info available)
V  [jvm.dll+0x3b4448]  (no source info available)
V  [jvm.dll+0x32c5ec]  (no source info available)
V  [jvm.dll+0x32d258]  (no source info available)
V  [jvm.dll+0x83d5ac]  (no source info available)
V  [jvm.dll+0x3c10d1]  (no source info available)
V  [jvm.dll+0x8264cc]  (no source info available)
V  [jvm.dll+0x45bd5e]  (no source info available)
V  [jvm.dll+0x45dbe1]  (no source info available)
C  [jli.dll+0x52a3]  (no source info available)
C  [ucrtbase.dll+0x29333]  (no source info available)
C  [KERNEL32.DLL+0x1259d]  (no source info available)
C  [ntdll.dll+0x5af38]  (no source info available)


---------------  P R O C E S S  ---------------

Threads class SMR info:
_java_thread_list=0x00007ffc29dfc1c8, length=0, elements={
}

Java Threads: ( => current thread )
Total: 0

Other Threads:
  0x000001a266920f30 WorkerThread "GC Thread#0"                     [id=18976, stack(0x0000005e21e00000,0x0000005e21f00000) (1024K)]
  0x000001a266931ae0 ConcurrentGCThread "G1 Main Marker"            [id=20828, stack(0x0000005e21f00000,0x0000005e22000000) (1024K)]
  0x000001a266932f40 WorkerThread "G1 Conc#0"                       [id=22148, stack(0x0000005e22000000,0x0000005e22100000) (1024K)]

[error occurred during error reporting (printing all threads), id 0xc0000005, EXCEPTION_ACCESS_VIOLATION (0xc0000005) at pc=0x00007ffc2954f517]
VM state: not at safepoint (not fully initialized)

VM Mutex/Monitor currently owned by a thread:  ([mutex/lock_event])
[0x00007ffc29e7cc80] Heap_lock - owner thread: 0x000001a26471ce40

Heap address: 0x0000000704400000, size: 4028 MB, Compressed Oops mode: Zero based, Oop shift amount: 3

CDS archive(s) mapped at: [0x0000000000000000-0x0000000000000000-0x0000000000000000), size 0, SharedBaseAddress: 0x0000000800000000, ArchiveRelocationMode: 1.
Narrow klass base: 0x0000000000000000, Narrow klass shift: 0, Narrow klass range: 0x0

GC Precious Log:
 CardTable entry size: 512
 Card Set container configuration: InlinePtr #cards 4 size 8 Array Of Cards #cards 16 size 48 Howl #buckets 8 coarsen threshold 3686 Howl Bitmap #cards 512 size 80 coarsen threshold 460 Card regions per heap region 1 cards per card region 4096

Heap:
 garbage-first heap   total reserved 4124672K, committed 0K, used 0K [0x0000000704400000, 0x0000000800000000)
  region size 2048K, 0 young (0K), 0 survivors (0K)

[error occurred during error reporting (printing heap information), id 0xc0000005, EXCEPTION_ACCESS_VIOLATION (0xc0000005) at pc=0x00007ffc2994e869]
GC Heap History (0 events):
No events

Dll operation events (1 events):
Event: 0.008 Loaded shared library C:\Program Files\Java\jdk-22\bin\java.dll

Deoptimization events (0 events):
No events

Classes loaded (0 events):
No events

Classes unloaded (0 events):
No events

Classes redefined (0 events):
No events

Internal exceptions (0 events):
No events

ZGC Phase Switch (0 events):
No events

VM Operations (0 events):
No events

Memory protections (0 events):
No events

Nmethod flushes (0 events):
No events

Events (0 events):
No events


Dynamic libraries:
0x00007ff7c6a40000 - 0x00007ff7c6a50000 	C:\Program Files\Java\jdk-22\bin\javaw.exe
0x00007ffcbf8b0000 - 0x00007ffcbfac7000 	C:\Windows\SYSTEM32\ntdll.dll
0x00007ffcbe140000 - 0x00007ffcbe204000 	C:\Windows\System32\KERNEL32.DLL
0x00007ffcbd090000 - 0x00007ffcbd44a000 	C:\Windows\System32\KERNELBASE.dll
0x00007ffcbcf70000 - 0x00007ffcbd081000 	C:\Windows\System32\ucrtbase.dll
0x00007ffc7c130000 - 0x00007ffc7c147000 	C:\Program Files\Java\jdk-22\bin\jli.dll
0x00007ffcbdf90000 - 0x00007ffcbe13e000 	C:\Windows\System32\USER32.dll
0x00007ffcbcb90000 - 0x00007ffcbcbb6000 	C:\Windows\System32\win32u.dll
0x00007ffcbe2d0000 - 0x00007ffcbe2f9000 	C:\Windows\System32\GDI32.dll
0x00007ffcbcc40000 - 0x00007ffcbcd5b000 	C:\Windows\System32\gdi32full.dll
0x00007ffcbcea0000 - 0x00007ffcbcf3a000 	C:\Windows\System32\msvcp_win.dll
0x00007ffc7c150000 - 0x00007ffc7c16b000 	C:\Program Files\Java\jdk-22\bin\VCRUNTIME140.dll
0x00007ffc9d670000 - 0x00007ffc9d902000 	C:\Windows\WinSxS\amd64_microsoft.windows.common-controls_6595b64144ccf1df_6.0.22621.4541_none_2710d1c57384c085\COMCTL32.dll
0x00007ffcbdea0000 - 0x00007ffcbdf47000 	C:\Windows\System32\msvcrt.dll
0x00007ffcbdf50000 - 0x00007ffcbdf81000 	C:\Windows\System32\IMM32.DLL
0x00007ffc810d0000 - 0x00007ffc810dc000 	C:\Program Files\Java\jdk-22\bin\vcruntime140_1.dll
0x00007ffc30ba0000 - 0x00007ffc30c2e000 	C:\Program Files\Java\jdk-22\bin\msvcp140.dll
0x00007ffc29210000 - 0x00007ffc29f59000 	C:\Program Files\Java\jdk-22\bin\server\jvm.dll
0x00007ffcbf7b0000 - 0x00007ffcbf862000 	C:\Windows\System32\ADVAPI32.dll
0x00007ffcbd720000 - 0x00007ffcbd7c7000 	C:\Windows\System32\sechost.dll
0x00007ffcbcf40000 - 0x00007ffcbcf68000 	C:\Windows\System32\bcrypt.dll
0x00007ffcbf420000 - 0x00007ffcbf534000 	C:\Windows\System32\RPCRT4.dll
0x00007ffcbe8e0000 - 0x00007ffcbe951000 	C:\Windows\System32\WS2_32.dll
0x00007ffcbca60000 - 0x00007ffcbcaad000 	C:\Windows\SYSTEM32\POWRPROF.dll
0x00007ffcb5cb0000 - 0x00007ffcb5ce4000 	C:\Windows\SYSTEM32\WINMM.dll
0x00007ffca75b0000 - 0x00007ffca75ba000 	C:\Windows\SYSTEM32\VERSION.dll
0x00007ffcbca40000 - 0x00007ffcbca53000 	C:\Windows\SYSTEM32\UMPDC.dll
0x00007ffcbbbd0000 - 0x00007ffcbbbe8000 	C:\Windows\SYSTEM32\kernel.appcore.dll
0x00007ffc85db0000 - 0x00007ffc85dba000 	C:\Program Files\Java\jdk-22\bin\jimage.dll
0x00007ffcb9d40000 - 0x00007ffcb9f72000 	C:\Windows\SYSTEM32\DBGHELP.DLL
0x00007ffcbe550000 - 0x00007ffcbe8df000 	C:\Windows\System32\combase.dll
0x00007ffcbe300000 - 0x00007ffcbe3d7000 	C:\Windows\System32\OLEAUT32.dll
0x00007ffc91360000 - 0x00007ffc91392000 	C:\Windows\SYSTEM32\dbgcore.DLL
0x00007ffcbcd60000 - 0x00007ffcbcddb000 	C:\Windows\System32\bcryptPrimitives.dll
0x00007ffc61c40000 - 0x00007ffc61c5e000 	C:\Program Files\Java\jdk-22\bin\java.dll
0x00007ffcbe960000 - 0x00007ffcbf1d8000 	C:\Windows\System32\SHELL32.dll
0x00007ffcbf1e0000 - 0x00007ffcbf385000 	C:\Windows\System32\ole32.dll

dbghelp: loaded successfully - version: 4.0.5 - missing functions: none
symbol engine: initialized successfully - sym options: 0x614 - pdb path: .;C:\Program Files\Java\jdk-22\bin;C:\Windows\SYSTEM32;C:\Windows\WinSxS\amd64_microsoft.windows.common-controls_6595b64144ccf1df_6.0.22621.4541_none_2710d1c57384c085;C:\Program Files\Java\jdk-22\bin\server

VM Arguments:
jvm_args: -Dfile.encoding=UTF-8 -Dstdout.encoding=UTF-8 -Dstderr.encoding=UTF-8 --module-path=C:\Users\Pauline Angela\Downloads\mysql-connector-j-9.1.0\mysql-connector-j-9.1.0\mysql-connector-j-9.1.0.jar -XX:+ShowCodeDetailsInExceptionMessages 
java_command: Petcare.Main
java_class_path (initial): C:\Users\Pauline Angela\eclipse-workspace\PAUI\bin
Launcher Type: SUN_STANDARD

[Global flags]
     intx CICompilerCount                          = 4                                         {product} {ergonomic}
     uint ConcGCThreads                            = 3                                         {product} {ergonomic}
     uint G1ConcRefinementThreads                  = 10                                        {product} {ergonomic}
   size_t G1HeapRegionSize                         = 2097152                                   {product} {ergonomic}
   size_t InitialHeapSize                          = 264241152                                 {product} {ergonomic}
   size_t MarkStackSize                            = 4194304                                   {product} {ergonomic}
   size_t MaxHeapSize                              = 4223664128                                {product} {ergonomic}
   size_t MinHeapDeltaBytes                        = 2097152                                   {product} {ergonomic}
   size_t MinHeapSize                              = 8388608                                   {product} {ergonomic}
    uintx NonNMethodCodeHeapSize                   = 5839372                                {pd product} {ergonomic}
    uintx NonProfiledCodeHeapSize                  = 122909434                              {pd product} {ergonomic}
    uintx ProfiledCodeHeapSize                     = 122909434                              {pd product} {ergonomic}
    uintx ReservedCodeCacheSize                    = 251658240                              {pd product} {ergonomic}
     bool SegmentedCodeCache                       = true                                      {product} {ergonomic}
     bool ShowCodeDetailsInExceptionMessages       = true                                   {manageable} {command line}
   size_t SoftMaxHeapSize                          = 4223664128                             {manageable} {ergonomic}
     bool UseCompressedOops                        = true                           {product lp64_product} {ergonomic}
     bool UseG1GC                                  = true                                      {product} {ergonomic}
     bool UseLargePagesIndividualAllocation        = false                                  {pd product} {ergonomic}

Logging:
Log output configuration:
 #0: stdout all=warning uptime,level,tags foldmultilines=false
 #1: stderr all=off uptime,level,tags foldmultilines=false

Environment Variables:
PATH=C:/Program Files/Java/jdk-22/bin/server;C:/Program Files/Java/jdk-22/bin;C:\Program Files\Common Files\Oracle\Java\javapath;C:\Windows\System32\HWAudioDriverLibs;C:\Windows\system32;C:\Windows;C:\Windows\System32\Wbem;C:\Windows\System32\WindowsPowerShell\v1.0\;C:\Windows\System32\OpenSSH\;C:\Users\Administrator\AppData\Local\Microsoft\WindowsApps;C:\Program Files\Microsoft SQL Server\130\Tools\Binn\;C:\Program Files\Microsoft SQL Server\Client SDK\ODBC\170\Tools\Binn\;C:\Windows\system32\config\systemprofile\AppData\Local\Microsoft\WindowsApps;C:\windows\system32\HWAudioDriver\;C:\Program Files\Microsoft SQL Server\150\Tools\Binn\;C:\Users\Pauline Angela\AppData\Local\Microsoft\WindowsApps;C:\Users\Pauline Angela\AppData\Local\Programs\Microsoft VS Code\bin;C:\Windows\System32;
USERNAME=Pauline Angela
OS=Windows_NT
PROCESSOR_IDENTIFIER=Intel64 Family 6 Model 154 Stepping 3, GenuineIntel
TMP=C:\Users\PAULIN~1\AppData\Local\Temp
TEMP=C:\Users\PAULIN~1\AppData\Local\Temp




Periodic native trim disabled

---------------  S Y S T E M  ---------------

OS:
 Windows 11 , 64 bit Build 22621 (10.0.22621.4391)
OS uptime: 0 days 16:04 hours

CPU: total 12 (initial active 12) (6 cores per cpu, 2 threads per core) family 6 model 154 stepping 3 microcode 0x41e, cx8, cmov, fxsr, ht, mmx, 3dnowpref, sse, sse2, sse3, ssse3, sse4.1, sse4.2, popcnt, lzcnt, tsc, tscinvbit, avx, avx2, aes, erms, clmul, bmi1, bmi2, adx, sha, fma, vzeroupper, clflush, clflushopt, clwb, serialize, rdtscp, rdpid, fsrm, f16c, pku, cet_ibt, cet_ss
Processor Information for processor 0
  Max Mhz: 2000, Current Mhz: 2000, Mhz Limit: 2000
Processor Information for processor 1
  Max Mhz: 2000, Current Mhz: 2000, Mhz Limit: 2000
Processor Information for processor 2
  Max Mhz: 2000, Current Mhz: 2000, Mhz Limit: 2000
Processor Information for processor 3
  Max Mhz: 2000, Current Mhz: 2000, Mhz Limit: 2000
Processor Information for processor 4
  Max Mhz: 2000, Current Mhz: 2000, Mhz Limit: 2000
Processor Information for processor 5
  Max Mhz: 2000, Current Mhz: 1520, Mhz Limit: 2000
Processor Information for processor 6
  Max Mhz: 2000, Current Mhz: 2000, Mhz Limit: 2000
Processor Information for processor 7
  Max Mhz: 2000, Current Mhz: 1520, Mhz Limit: 2000
Processor Information for processor 8
  Max Mhz: 2000, Current Mhz: 1500, Mhz Limit: 1500
Processor Information for processor 9
  Max Mhz: 2000, Current Mhz: 1500, Mhz Limit: 1500
Processor Information for processor 10
  Max Mhz: 2000, Current Mhz: 1500, Mhz Limit: 1500
Processor Information for processor 11
  Max Mhz: 2000, Current Mhz: 1500, Mhz Limit: 1500

Memory: 4k page, system-wide physical 16110M (5297M free)
TotalPageFile size 31353M (AvailPageFile size 120M)
current process WorkingSet (physical memory assigned to process): 12M, peak: 12M
current process commit charge ("private bytes"): 64M, peak: 316M

vm_info: Java HotSpot(TM) 64-Bit Server VM (22.0.2+9-70) for windows-amd64 JRE (22.0.2+9-70), built on 2024-06-04T16:52:23Z by "mach5one" with MS VC++ 17.6 (VS2022)

END.
